<?xml version="1.0" encoding="UTF-8"?>
<testsuite xmlns:xsi="http://www.w3.org/2001/XMLSchema-instance" xsi:noNamespaceSchemaLocation="https://maven.apache.org/surefire/maven-surefire-plugin/xsd/surefire-test-report.xsd" name="com.university.springboot_petroleum.AppTest" time="0.004" tests="1" errors="0" skipped="0" failures="0">
  <properties>
    <property name="java.specification.version" value="16"/>
    <property name="sun.cpu.isalist" value="amd64"/>
    <property name="sun.jnu.encoding" value="GBK"/>
    <property name="java.class.path" value="E:\eclipsespace\springboot-petroleum\target\test-classes;E:\eclipsespace\springboot-petroleum\target\classes;E:\maven-repository\org\springframework\boot\spring-boot-starter-web\2.1.5.RELEASE\spring-boot-starter-web-2.1.5.RELEASE.jar;E:\maven-repository\org\springframework\boot\spring-boot-starter\2.1.5.RELEASE\spring-boot-starter-2.1.5.RELEASE.jar;E:\maven-repository\org\springframework\boot\spring-boot\2.1.5.RELEASE\spring-boot-2.1.5.RELEASE.jar;E:\maven-repository\org\springframework\boot\spring-boot-autoconfigure\2.1.5.RELEASE\spring-boot-autoconfigure-2.1.5.RELEASE.jar;E:\maven-repository\org\springframework\boot\spring-boot-starter-logging\2.1.5.RELEASE\spring-boot-starter-logging-2.1.5.RELEASE.jar;E:\maven-repository\ch\qos\logback\logback-classic\1.2.3\logback-classic-1.2.3.jar;E:\maven-repository\ch\qos\logback\logback-core\1.2.3\logback-core-1.2.3.jar;E:\maven-repository\org\apache\logging\log4j\log4j-to-slf4j\2.11.2\log4j-to-slf4j-2.11.2.jar;E:\maven-repository\org\apache\logging\log4j\log4j-api\2.11.2\log4j-api-2.11.2.jar;E:\maven-repository\org\slf4j\jul-to-slf4j\1.7.26\jul-to-slf4j-1.7.26.jar;E:\maven-repository\javax\annotation\javax.annotation-api\1.3.2\javax.annotation-api-1.3.2.jar;E:\maven-repository\org\springframework\spring-core\5.1.7.RELEASE\spring-core-5.1.7.RELEASE.jar;E:\maven-repository\org\springframework\spring-jcl\5.1.7.RELEASE\spring-jcl-5.1.7.RELEASE.jar;E:\maven-repository\org\yaml\snakeyaml\1.23\snakeyaml-1.23.jar;E:\maven-repository\org\springframework\boot\spring-boot-starter-json\2.1.5.RELEASE\spring-boot-starter-json-2.1.5.RELEASE.jar;E:\maven-repository\com\fasterxml\jackson\core\jackson-databind\2.9.8\jackson-databind-2.9.8.jar;E:\maven-repository\com\fasterxml\jackson\core\jackson-annotations\2.9.0\jackson-annotations-2.9.0.jar;E:\maven-repository\com\fasterxml\jackson\core\jackson-core\2.9.8\jackson-core-2.9.8.jar;E:\maven-repository\com\fasterxml\jackson\datatype\jackson-datatype-jdk8\2.9.8\jackson-datatype-jdk8-2.9.8.jar;E:\maven-repository\com\fasterxml\jackson\datatype\jackson-datatype-jsr310\2.9.8\jackson-datatype-jsr310-2.9.8.jar;E:\maven-repository\com\fasterxml\jackson\module\jackson-module-parameter-names\2.9.8\jackson-module-parameter-names-2.9.8.jar;E:\maven-repository\org\springframework\boot\spring-boot-starter-tomcat\2.1.5.RELEASE\spring-boot-starter-tomcat-2.1.5.RELEASE.jar;E:\maven-repository\org\apache\tomcat\embed\tomcat-embed-core\9.0.19\tomcat-embed-core-9.0.19.jar;E:\maven-repository\org\apache\tomcat\embed\tomcat-embed-websocket\9.0.19\tomcat-embed-websocket-9.0.19.jar;E:\maven-repository\org\hibernate\validator\hibernate-validator\6.0.16.Final\hibernate-validator-6.0.16.Final.jar;E:\maven-repository\javax\validation\validation-api\2.0.1.Final\validation-api-2.0.1.Final.jar;E:\maven-repository\org\jboss\logging\jboss-logging\3.3.2.Final\jboss-logging-3.3.2.Final.jar;E:\maven-repository\com\fasterxml\classmate\1.4.0\classmate-1.4.0.jar;E:\maven-repository\org\springframework\spring-web\5.1.7.RELEASE\spring-web-5.1.7.RELEASE.jar;E:\maven-repository\org\springframework\spring-beans\5.1.7.RELEASE\spring-beans-5.1.7.RELEASE.jar;E:\maven-repository\org\springframework\spring-webmvc\5.1.7.RELEASE\spring-webmvc-5.1.7.RELEASE.jar;E:\maven-repository\org\springframework\spring-aop\5.1.7.RELEASE\spring-aop-5.1.7.RELEASE.jar;E:\maven-repository\org\springframework\spring-expression\5.1.7.RELEASE\spring-expression-5.1.7.RELEASE.jar;E:\maven-repository\org\influxdb\influxdb-java\2.14\influxdb-java-2.14.jar;E:\maven-repository\com\squareup\retrofit2\retrofit\2.4.0\retrofit-2.4.0.jar;E:\maven-repository\com\squareup\retrofit2\converter-moshi\2.4.0\converter-moshi-2.4.0.jar;E:\maven-repository\com\squareup\moshi\moshi\1.5.0\moshi-1.5.0.jar;E:\maven-repository\org\msgpack\msgpack-core\0.8.16\msgpack-core-0.8.16.jar;E:\maven-repository\com\squareup\okhttp3\okhttp\3.11.0\okhttp-3.11.0.jar;E:\maven-repository\com\squareup\okio\okio\1.14.0\okio-1.14.0.jar;E:\maven-repository\com\squareup\okhttp3\logging-interceptor\3.11.0\logging-interceptor-3.11.0.jar;E:\maven-repository\org\projectlombok\lombok\1.18.20\lombok-1.18.20.jar;E:\maven-repository\io\netty\netty-all\4.1.36.Final\netty-all-4.1.36.Final.jar;E:\maven-repository\org\springframework\boot\spring-boot-starter-jdbc\2.1.5.RELEASE\spring-boot-starter-jdbc-2.1.5.RELEASE.jar;E:\maven-repository\com\zaxxer\HikariCP\3.2.0\HikariCP-3.2.0.jar;E:\maven-repository\org\springframework\spring-jdbc\5.1.7.RELEASE\spring-jdbc-5.1.7.RELEASE.jar;E:\maven-repository\mysql\mysql-connector-java\8.0.30\mysql-connector-java-8.0.30.jar;E:\maven-repository\org\springframework\boot\spring-boot-starter-websocket\2.1.5.RELEASE\spring-boot-starter-websocket-2.1.5.RELEASE.jar;E:\maven-repository\org\springframework\spring-messaging\5.1.7.RELEASE\spring-messaging-5.1.7.RELEASE.jar;E:\maven-repository\org\springframework\spring-websocket\5.1.7.RELEASE\spring-websocket-5.1.7.RELEASE.jar;E:\maven-repository\com\lmax\disruptor\3.3.4\disruptor-3.3.4.jar;E:\maven-repository\com\googlecode\aviator\aviator\5.1.2\aviator-5.1.2.jar;E:\maven-repository\commons-beanutils\commons-beanutils\1.9.3\commons-beanutils-1.9.3.jar;E:\maven-repository\commons-collections\commons-collections\3.2.2\commons-collections-3.2.2.jar;E:\maven-repository\org\springframework\boot\spring-boot-starter-mail\2.1.5.RELEASE\spring-boot-starter-mail-2.1.5.RELEASE.jar;E:\maven-repository\org\springframework\spring-context-support\5.1.7.RELEASE\spring-context-support-5.1.7.RELEASE.jar;E:\maven-repository\com\sun\mail\javax.mail\1.6.2\javax.mail-1.6.2.jar;E:\maven-repository\javax\activation\activation\1.1\activation-1.1.jar;E:\maven-repository\com\aliyun\aliyun-java-sdk-core\4.5.3\aliyun-java-sdk-core-4.5.3.jar;E:\maven-repository\com\google\code\gson\gson\2.8.5\gson-2.8.5.jar;E:\maven-repository\org\apache\httpcomponents\httpclient\4.5.8\httpclient-4.5.8.jar;E:\maven-repository\commons-codec\commons-codec\1.11\commons-codec-1.11.jar;E:\maven-repository\org\apache\httpcomponents\httpcore\4.4.11\httpcore-4.4.11.jar;E:\maven-repository\commons-logging\commons-logging\1.2\commons-logging-1.2.jar;E:\maven-repository\javax\xml\bind\jaxb-api\2.3.1\jaxb-api-2.3.1.jar;E:\maven-repository\javax\activation\javax.activation-api\1.2.0\javax.activation-api-1.2.0.jar;E:\maven-repository\org\jacoco\org.jacoco.agent\0.8.5\org.jacoco.agent-0.8.5-runtime.jar;E:\maven-repository\org\ini4j\ini4j\0.5.4\ini4j-0.5.4.jar;E:\maven-repository\org\slf4j\slf4j-api\1.7.26\slf4j-api-1.7.26.jar;E:\maven-repository\io\opentracing\opentracing-api\0.33.0\opentracing-api-0.33.0.jar;E:\maven-repository\io\opentracing\opentracing-util\0.33.0\opentracing-util-0.33.0.jar;E:\maven-repository\io\opentracing\opentracing-noop\0.33.0\opentracing-noop-0.33.0.jar;E:\maven-repository\commons-lang\commons-lang\2.6\commons-lang-2.6.jar;E:\maven-repository\junit\junit\3.8.1\junit-3.8.1.jar;E:\maven-repository\org\springframework\boot\spring-boot-starter-validation\2.1.5.RELEASE\spring-boot-starter-validation-2.1.5.RELEASE.jar;E:\maven-repository\org\apache\tomcat\embed\tomcat-embed-el\9.0.19\tomcat-embed-el-9.0.19.jar;E:\maven-repository\org\apache\commons\commons-csv\1.8\commons-csv-1.8.jar;E:\maven-repository\org\springframework\kafka\spring-kafka\2.2.6.RELEASE\spring-kafka-2.2.6.RELEASE.jar;E:\maven-repository\org\springframework\spring-context\5.1.7.RELEASE\spring-context-5.1.7.RELEASE.jar;E:\maven-repository\org\springframework\spring-tx\5.1.7.RELEASE\spring-tx-5.1.7.RELEASE.jar;E:\maven-repository\org\springframework\retry\spring-retry\1.2.4.RELEASE\spring-retry-1.2.4.RELEASE.jar;E:\maven-repository\org\apache\kafka\kafka-clients\2.0.1\kafka-clients-2.0.1.jar;E:\maven-repository\org\lz4\lz4-java\1.4.1\lz4-java-1.4.1.jar;E:\maven-repository\org\xerial\snappy\snappy-java\1.1.7.1\snappy-java-1.1.7.1.jar;E:\maven-repository\com\pi4j\pi4j-core\1.3\pi4j-core-1.3.jar;E:\maven-repository\com\pi4j\pi4j-device\1.3\pi4j-device-1.3.jar;E:\maven-repository\com\pi4j\pi4j-gpio-extension\1.3\pi4j-gpio-extension-1.3.jar;E:\maven-repository\com\fazecast\jSerialComm\2.7.0\jSerialComm-2.7.0.jar;"/>
    <property name="java.vm.vendor" value="Oracle Corporation"/>
    <property name="sun.arch.data.model" value="64"/>
    <property name="user.variant" value=""/>
    <property name="java.vendor.url" value="https://java.oracle.com/"/>
    <property name="user.timezone" value="Asia/Shanghai"/>
    <property name="os.name" value="Windows 10"/>
    <property name="java.vm.specification.version" value="16"/>
    <property name="sun.java.launcher" value="SUN_STANDARD"/>
    <property name="user.country" value="CN"/>
    <property name="sun.boot.library.path" value="E:\eclipse-java-2021-09-R-win32-x86_64\eclipse\plugins\org.eclipse.justj.openjdk.hotspot.jre.full.win32.x86_64_16.0.2.v20210721-1149\jre\bin"/>
    <property name="sun.java.command" value="C:\Users\ztx01001\AppData\Local\Temp\surefire17211561237560497608\surefirebooter16616129369320280104.jar C:\Users\ztx01001\AppData\Local\Temp\surefire17211561237560497608 2022-11-01T16-30-04_505-jvmRun1 surefire9989346165940940004tmp surefire_010511652701692027012tmp"/>
    <property name="jdk.debug" value="release"/>
    <property name="surefire.test.class.path" value="E:\eclipsespace\springboot-petroleum\target\test-classes;E:\eclipsespace\springboot-petroleum\target\classes;E:\maven-repository\org\springframework\boot\spring-boot-starter-web\2.1.5.RELEASE\spring-boot-starter-web-2.1.5.RELEASE.jar;E:\maven-repository\org\springframework\boot\spring-boot-starter\2.1.5.RELEASE\spring-boot-starter-2.1.5.RELEASE.jar;E:\maven-repository\org\springframework\boot\spring-boot\2.1.5.RELEASE\spring-boot-2.1.5.RELEASE.jar;E:\maven-repository\org\springframework\boot\spring-boot-autoconfigure\2.1.5.RELEASE\spring-boot-autoconfigure-2.1.5.RELEASE.jar;E:\maven-repository\org\springframework\boot\spring-boot-starter-logging\2.1.5.RELEASE\spring-boot-starter-logging-2.1.5.RELEASE.jar;E:\maven-repository\ch\qos\logback\logback-classic\1.2.3\logback-classic-1.2.3.jar;E:\maven-repository\ch\qos\logback\logback-core\1.2.3\logback-core-1.2.3.jar;E:\maven-repository\org\apache\logging\log4j\log4j-to-slf4j\2.11.2\log4j-to-slf4j-2.11.2.jar;E:\maven-repository\org\apache\logging\log4j\log4j-api\2.11.2\log4j-api-2.11.2.jar;E:\maven-repository\org\slf4j\jul-to-slf4j\1.7.26\jul-to-slf4j-1.7.26.jar;E:\maven-repository\javax\annotation\javax.annotation-api\1.3.2\javax.annotation-api-1.3.2.jar;E:\maven-repository\org\springframework\spring-core\5.1.7.RELEASE\spring-core-5.1.7.RELEASE.jar;E:\maven-repository\org\springframework\spring-jcl\5.1.7.RELEASE\spring-jcl-5.1.7.RELEASE.jar;E:\maven-repository\org\yaml\snakeyaml\1.23\snakeyaml-1.23.jar;E:\maven-repository\org\springframework\boot\spring-boot-starter-json\2.1.5.RELEASE\spring-boot-starter-json-2.1.5.RELEASE.jar;E:\maven-repository\com\fasterxml\jackson\core\jackson-databind\2.9.8\jackson-databind-2.9.8.jar;E:\maven-repository\com\fasterxml\jackson\core\jackson-annotations\2.9.0\jackson-annotations-2.9.0.jar;E:\maven-repository\com\fasterxml\jackson\core\jackson-core\2.9.8\jackson-core-2.9.8.jar;E:\maven-repository\com\fasterxml\jackson\datatype\jackson-datatype-jdk8\2.9.8\jackson-datatype-jdk8-2.9.8.jar;E:\maven-repository\com\fasterxml\jackson\datatype\jackson-datatype-jsr310\2.9.8\jackson-datatype-jsr310-2.9.8.jar;E:\maven-repository\com\fasterxml\jackson\module\jackson-module-parameter-names\2.9.8\jackson-module-parameter-names-2.9.8.jar;E:\maven-repository\org\springframework\boot\spring-boot-starter-tomcat\2.1.5.RELEASE\spring-boot-starter-tomcat-2.1.5.RELEASE.jar;E:\maven-repository\org\apache\tomcat\embed\tomcat-embed-core\9.0.19\tomcat-embed-core-9.0.19.jar;E:\maven-repository\org\apache\tomcat\embed\tomcat-embed-websocket\9.0.19\tomcat-embed-websocket-9.0.19.jar;E:\maven-repository\org\hibernate\validator\hibernate-validator\6.0.16.Final\hibernate-validator-6.0.16.Final.jar;E:\maven-repository\javax\validation\validation-api\2.0.1.Final\validation-api-2.0.1.Final.jar;E:\maven-repository\org\jboss\logging\jboss-logging\3.3.2.Final\jboss-logging-3.3.2.Final.jar;E:\maven-repository\com\fasterxml\classmate\1.4.0\classmate-1.4.0.jar;E:\maven-repository\org\springframework\spring-web\5.1.7.RELEASE\spring-web-5.1.7.RELEASE.jar;E:\maven-repository\org\springframework\spring-beans\5.1.7.RELEASE\spring-beans-5.1.7.RELEASE.jar;E:\maven-repository\org\springframework\spring-webmvc\5.1.7.RELEASE\spring-webmvc-5.1.7.RELEASE.jar;E:\maven-repository\org\springframework\spring-aop\5.1.7.RELEASE\spring-aop-5.1.7.RELEASE.jar;E:\maven-repository\org\springframework\spring-expression\5.1.7.RELEASE\spring-expression-5.1.7.RELEASE.jar;E:\maven-repository\org\influxdb\influxdb-java\2.14\influxdb-java-2.14.jar;E:\maven-repository\com\squareup\retrofit2\retrofit\2.4.0\retrofit-2.4.0.jar;E:\maven-repository\com\squareup\retrofit2\converter-moshi\2.4.0\converter-moshi-2.4.0.jar;E:\maven-repository\com\squareup\moshi\moshi\1.5.0\moshi-1.5.0.jar;E:\maven-repository\org\msgpack\msgpack-core\0.8.16\msgpack-core-0.8.16.jar;E:\maven-repository\com\squareup\okhttp3\okhttp\3.11.0\okhttp-3.11.0.jar;E:\maven-repository\com\squareup\okio\okio\1.14.0\okio-1.14.0.jar;E:\maven-repository\com\squareup\okhttp3\logging-interceptor\3.11.0\logging-interceptor-3.11.0.jar;E:\maven-repository\org\projectlombok\lombok\1.18.20\lombok-1.18.20.jar;E:\maven-repository\io\netty\netty-all\4.1.36.Final\netty-all-4.1.36.Final.jar;E:\maven-repository\org\springframework\boot\spring-boot-starter-jdbc\2.1.5.RELEASE\spring-boot-starter-jdbc-2.1.5.RELEASE.jar;E:\maven-repository\com\zaxxer\HikariCP\3.2.0\HikariCP-3.2.0.jar;E:\maven-repository\org\springframework\spring-jdbc\5.1.7.RELEASE\spring-jdbc-5.1.7.RELEASE.jar;E:\maven-repository\mysql\mysql-connector-java\8.0.30\mysql-connector-java-8.0.30.jar;E:\maven-repository\org\springframework\boot\spring-boot-starter-websocket\2.1.5.RELEASE\spring-boot-starter-websocket-2.1.5.RELEASE.jar;E:\maven-repository\org\springframework\spring-messaging\5.1.7.RELEASE\spring-messaging-5.1.7.RELEASE.jar;E:\maven-repository\org\springframework\spring-websocket\5.1.7.RELEASE\spring-websocket-5.1.7.RELEASE.jar;E:\maven-repository\com\lmax\disruptor\3.3.4\disruptor-3.3.4.jar;E:\maven-repository\com\googlecode\aviator\aviator\5.1.2\aviator-5.1.2.jar;E:\maven-repository\commons-beanutils\commons-beanutils\1.9.3\commons-beanutils-1.9.3.jar;E:\maven-repository\commons-collections\commons-collections\3.2.2\commons-collections-3.2.2.jar;E:\maven-repository\org\springframework\boot\spring-boot-starter-mail\2.1.5.RELEASE\spring-boot-starter-mail-2.1.5.RELEASE.jar;E:\maven-repository\org\springframework\spring-context-support\5.1.7.RELEASE\spring-context-support-5.1.7.RELEASE.jar;E:\maven-repository\com\sun\mail\javax.mail\1.6.2\javax.mail-1.6.2.jar;E:\maven-repository\javax\activation\activation\1.1\activation-1.1.jar;E:\maven-repository\com\aliyun\aliyun-java-sdk-core\4.5.3\aliyun-java-sdk-core-4.5.3.jar;E:\maven-repository\com\google\code\gson\gson\2.8.5\gson-2.8.5.jar;E:\maven-repository\org\apache\httpcomponents\httpclient\4.5.8\httpclient-4.5.8.jar;E:\maven-repository\commons-codec\commons-codec\1.11\commons-codec-1.11.jar;E:\maven-repository\org\apache\httpcomponents\httpcore\4.4.11\httpcore-4.4.11.jar;E:\maven-repository\commons-logging\commons-logging\1.2\commons-logging-1.2.jar;E:\maven-repository\javax\xml\bind\jaxb-api\2.3.1\jaxb-api-2.3.1.jar;E:\maven-repository\javax\activation\javax.activation-api\1.2.0\javax.activation-api-1.2.0.jar;E:\maven-repository\org\jacoco\org.jacoco.agent\0.8.5\org.jacoco.agent-0.8.5-runtime.jar;E:\maven-repository\org\ini4j\ini4j\0.5.4\ini4j-0.5.4.jar;E:\maven-repository\org\slf4j\slf4j-api\1.7.26\slf4j-api-1.7.26.jar;E:\maven-repository\io\opentracing\opentracing-api\0.33.0\opentracing-api-0.33.0.jar;E:\maven-repository\io\opentracing\opentracing-util\0.33.0\opentracing-util-0.33.0.jar;E:\maven-repository\io\opentracing\opentracing-noop\0.33.0\opentracing-noop-0.33.0.jar;E:\maven-repository\commons-lang\commons-lang\2.6\commons-lang-2.6.jar;E:\maven-repository\junit\junit\3.8.1\junit-3.8.1.jar;E:\maven-repository\org\springframework\boot\spring-boot-starter-validation\2.1.5.RELEASE\spring-boot-starter-validation-2.1.5.RELEASE.jar;E:\maven-repository\org\apache\tomcat\embed\tomcat-embed-el\9.0.19\tomcat-embed-el-9.0.19.jar;E:\maven-repository\org\apache\commons\commons-csv\1.8\commons-csv-1.8.jar;E:\maven-repository\org\springframework\kafka\spring-kafka\2.2.6.RELEASE\spring-kafka-2.2.6.RELEASE.jar;E:\maven-repository\org\springframework\spring-context\5.1.7.RELEASE\spring-context-5.1.7.RELEASE.jar;E:\maven-repository\org\springframework\spring-tx\5.1.7.RELEASE\spring-tx-5.1.7.RELEASE.jar;E:\maven-repository\org\springframework\retry\spring-retry\1.2.4.RELEASE\spring-retry-1.2.4.RELEASE.jar;E:\maven-repository\org\apache\kafka\kafka-clients\2.0.1\kafka-clients-2.0.1.jar;E:\maven-repository\org\lz4\lz4-java\1.4.1\lz4-java-1.4.1.jar;E:\maven-repository\org\xerial\snappy\snappy-java\1.1.7.1\snappy-java-1.1.7.1.jar;E:\maven-repository\com\pi4j\pi4j-core\1.3\pi4j-core-1.3.jar;E:\maven-repository\com\pi4j\pi4j-device\1.3\pi4j-device-1.3.jar;E:\maven-repository\com\pi4j\pi4j-gpio-extension\1.3\pi4j-gpio-extension-1.3.jar;E:\maven-repository\com\fazecast\jSerialComm\2.7.0\jSerialComm-2.7.0.jar;"/>
    <property name="sun.cpu.endian" value="little"/>
    <property name="user.home" value="C:\Users\ztx01001"/>
    <property name="user.language" value="zh"/>
    <property name="java.specification.vendor" value="Oracle Corporation"/>
    <property name="java.version.date" value="2021-07-20"/>
    <property name="java.home" value="E:\eclipse-java-2021-09-R-win32-x86_64\eclipse\plugins\org.eclipse.justj.openjdk.hotspot.jre.full.win32.x86_64_16.0.2.v20210721-1149\jre"/>
    <property name="file.separator" value="\"/>
    <property name="basedir" value="E:\eclipsespace\springboot-petroleum"/>
    <property name="java.vm.compressedOopsMode" value="Zero based"/>
    <property name="line.separator" value="&#10;"/>
    <property name="java.vm.specification.vendor" value="Oracle Corporation"/>
    <property name="java.specification.name" value="Java Platform API Specification"/>
    <property name="surefire.real.class.path" value="C:\Users\ztx01001\AppData\Local\Temp\surefire17211561237560497608\surefirebooter16616129369320280104.jar"/>
    <property name="user.script" value=""/>
    <property name="sun.management.compiler" value="HotSpot 64-Bit Tiered Compilers"/>
    <property name="java.runtime.version" value="16.0.2+7-67"/>
    <property name="user.name" value="ztx01001"/>
    <property name="path.separator" value=";"/>
    <property name="os.version" value="10.0"/>
    <property name="java.runtime.name" value="OpenJDK Runtime Environment"/>
    <property name="file.encoding" value="GBK"/>
    <property name="java.vm.name" value="OpenJDK 64-Bit Server VM"/>
    <property name="localRepository" value="E:\maven-repository"/>
    <property name="java.vendor.url.bug" value="https://bugreport.java.com/bugreport/"/>
    <property name="java.io.tmpdir" value="C:\Users\ztx01001\AppData\Local\Temp\"/>
    <property name="java.version" value="16.0.2"/>
    <property name="user.dir" value="E:\eclipsespace\springboot-petroleum"/>
    <property name="os.arch" value="amd64"/>
    <property name="java.vm.specification.name" value="Java Virtual Machine Specification"/>
    <property name="sun.os.patch.level" value=""/>
    <property name="java.library.path" value="E:\eclipse-java-2021-09-R-win32-x86_64\eclipse\plugins\org.eclipse.justj.openjdk.hotspot.jre.full.win32.x86_64_16.0.2.v20210721-1149\jre\bin;C:\Windows\Sun\Java\bin;C:\Windows\system32;C:\Windows;E:/eclipse-java-2021-09-R-win32-x86_64/eclipse//plugins/org.eclipse.justj.openjdk.hotspot.jre.full.win32.x86_64_16.0.2.v20210721-1149/jre/bin/server;E:/eclipse-java-2021-09-R-win32-x86_64/eclipse//plugins/org.eclipse.justj.openjdk.hotspot.jre.full.win32.x86_64_16.0.2.v20210721-1149/jre/bin;C:\Program Files (x86)\Common Files\Oracle\Java\javapath;C:\Windows\system32;C:\Windows;C:\Windows\System32\Wbem;C:\Windows\System32\WindowsPowerShell\v1.0\;C:\Windows\System32\OpenSSH\;C:\Program Files (x86)\dotnet\;D:\PuTTY\;D:\Java\jdk1.8.0_301\bin;D:\apache-maven-3.8.3\bin;D:\Go\bin;E:\goproject;D:\Git\cmd;D:\Program Files (x86)\Microsoft SQL Server\100\Tools\Binn\;D:\Microsoft SQL Server\100\Tools\Binn\;D:\Microsoft SQL Server\100\DTS\Binn\;D:\Program Files (x86)\Microsoft SQL Server\100\Tools\Binn\VSShell\Common7\IDE\;C:\Program Files (x86)\Microsoft Visual Studio 9.0\Common7\IDE\PrivateAssemblies\;D:\Program Files (x86)\Microsoft SQL Server\100\DTS\Binn\;C:\Program Files\dotnet\;&quot;;E:\mysql-5.7.37-winx64\bin&quot;;D:\TortoiseSVN\bin;E:\anaconda3;E:\anaconda3\bin;E:\anaconda3\Scripts;E:\anaconda3\Library\mingw-w64\bin;E:\anaconda3\Library\bin;E:\ffmpeg-5.1.2-essentials_build\bin;D:\Python\Python38\Scripts\;D:\Python\Python38\;C:\Users\ztx01001\AppData\Local\Microsoft\WindowsApps;C:\Users\ztx01001\go\bin;D:\VSCode\bin;C:\Users\ztx01001\.dotnet\tools;E:\eclipse-java-2021-09-R-win32-x86_64\eclipse;;."/>
    <property name="java.vm.info" value="mixed mode"/>
    <property name="java.vendor" value="Oracle Corporation"/>
    <property name="java.vm.version" value="16.0.2+7-67"/>
    <property name="sun.io.unicode.encoding" value="UnicodeLittle"/>
    <property name="java.class.version" value="60.0"/>
  </properties>
  <testcase name="testApp" classname="com.university.springboot_petroleum.AppTest" time="0.001"/>
</testsuite>